2022-07-17 19:42:26 DEBUG InternalLoggerFactory:89 - Using Log4J as the default logging framework
2022-07-17 19:42:26 DEBUG ResourceLeakDetector:129 - -Dio.netty.leakDetection.level: simple
2022-07-17 19:42:26 DEBUG ResourceLeakDetector:130 - -Dio.netty.leakDetection.targetRecords: 4
2022-07-17 19:42:26 DEBUG ResourceLeakDetectorFactory:196 - Loaded default ResourceLeakDetector: io.netty.util.ResourceLeakDetector@6a62689d
2022-07-17 19:42:26 DEBUG PlatformDependent0:460 - -Dio.netty.noUnsafe: false
2022-07-17 19:42:26 DEBUG PlatformDependent0:954 - Java version: 16
2022-07-17 19:42:26 DEBUG PlatformDependent0:135 - sun.misc.Unsafe.theUnsafe: available
2022-07-17 19:42:26 DEBUG PlatformDependent0:159 - sun.misc.Unsafe.copyMemory: available
2022-07-17 19:42:26 DEBUG PlatformDependent0:202 - java.nio.Buffer.address: available
2022-07-17 19:42:26 DEBUG PlatformDependent0:285 - direct buffer constructor: unavailable: Reflective setAccessible(true) disabled
2022-07-17 19:42:26 DEBUG PlatformDependent0:350 - java.nio.Bits.unaligned: available, true
2022-07-17 19:42:26 DEBUG PlatformDependent0:417 - jdk.internal.misc.Unsafe.allocateUninitializedArray(int): unavailable: class io.netty.util.internal.PlatformDependent0$6 cannot access class jdk.internal.misc.Unsafe (in module java.base) because module java.base does not export jdk.internal.misc to unnamed module @77468bd9
2022-07-17 19:42:26 DEBUG PlatformDependent0:446 - java.nio.DirectByteBuffer.<init>(long, int): unavailable
2022-07-17 19:42:26 DEBUG PlatformDependent:1116 - sun.misc.Unsafe: available
2022-07-17 19:42:26 DEBUG PlatformDependent:1218 - maxDirectMemory: 2109734912 bytes (maybe)
2022-07-17 19:42:26 DEBUG PlatformDependent:1237 - -Dio.netty.tmpdir: C:\Users\Nithin\AppData\Local\Temp (java.io.tmpdir)
2022-07-17 19:42:26 DEBUG PlatformDependent:1316 - -Dio.netty.bitMode: 64 (sun.arch.data.model)
2022-07-17 19:42:26 DEBUG PlatformDependent:1076 - Platform: Windows
2022-07-17 19:42:26 DEBUG PlatformDependent:178 - -Dio.netty.maxDirectMemory: -1 bytes
2022-07-17 19:42:26 DEBUG PlatformDependent:185 - -Dio.netty.uninitializedArrayAllocationThreshold: -1
2022-07-17 19:42:26 DEBUG CleanerJava9:71 - java.nio.ByteBuffer.cleaner(): available
2022-07-17 19:42:26 DEBUG PlatformDependent:205 - -Dio.netty.noPreferDirect: false
2022-07-17 19:42:26 DEBUG PlatformDependent:967 - org.jctools-core.MpscChunkedArrayQueue: available
2022-07-17 19:42:26 DEBUG InternalThreadLocalMap:86 - -Dio.netty.threadLocalMap.stringBuilder.initialSize: 1024
2022-07-17 19:42:26 DEBUG InternalThreadLocalMap:89 - -Dio.netty.threadLocalMap.stringBuilder.maxSize: 4096
2022-07-17 19:42:26 DEBUG JdkSslContext:97 - Default protocols (JDK): [TLSv1.3, TLSv1.2] 
2022-07-17 19:42:26 DEBUG JdkSslContext:98 - Default cipher suites (JDK): [TLS_ECDHE_ECDSA_WITH_AES_256_GCM_SHA384, TLS_ECDHE_ECDSA_WITH_AES_128_GCM_SHA256, TLS_ECDHE_RSA_WITH_AES_128_GCM_SHA256, TLS_ECDHE_RSA_WITH_AES_256_GCM_SHA384, TLS_ECDHE_RSA_WITH_AES_128_CBC_SHA, TLS_ECDHE_RSA_WITH_AES_256_CBC_SHA, TLS_RSA_WITH_AES_128_GCM_SHA256, TLS_RSA_WITH_AES_128_CBC_SHA, TLS_RSA_WITH_AES_256_CBC_SHA, TLS_AES_128_GCM_SHA256, TLS_AES_256_GCM_SHA384]
2022-07-17 19:42:26 DEBUG MultithreadEventLoopGroup:44 - -Dio.netty.eventLoopThreads: 16
2022-07-17 19:42:26 DEBUG NioEventLoop:109 - -Dio.netty.noKeySetOptimization: false
2022-07-17 19:42:26 DEBUG NioEventLoop:110 - -Dio.netty.selectorAutoRebuildThreshold: 512
2022-07-17 19:42:26 DEBUG PooledByteBufAllocator:155 - -Dio.netty.allocator.numHeapArenas: 16
2022-07-17 19:42:26 DEBUG PooledByteBufAllocator:156 - -Dio.netty.allocator.numDirectArenas: 16
2022-07-17 19:42:26 DEBUG PooledByteBufAllocator:158 - -Dio.netty.allocator.pageSize: 8192
2022-07-17 19:42:26 DEBUG PooledByteBufAllocator:163 - -Dio.netty.allocator.maxOrder: 11
2022-07-17 19:42:26 DEBUG PooledByteBufAllocator:167 - -Dio.netty.allocator.chunkSize: 16777216
2022-07-17 19:42:26 DEBUG PooledByteBufAllocator:168 - -Dio.netty.allocator.smallCacheSize: 256
2022-07-17 19:42:26 DEBUG PooledByteBufAllocator:169 - -Dio.netty.allocator.normalCacheSize: 64
2022-07-17 19:42:26 DEBUG PooledByteBufAllocator:170 - -Dio.netty.allocator.maxCachedBufferCapacity: 32768
2022-07-17 19:42:26 DEBUG PooledByteBufAllocator:171 - -Dio.netty.allocator.cacheTrimInterval: 8192
2022-07-17 19:42:26 DEBUG PooledByteBufAllocator:172 - -Dio.netty.allocator.cacheTrimIntervalMillis: 0
2022-07-17 19:42:26 DEBUG PooledByteBufAllocator:173 - -Dio.netty.allocator.useCacheForAllThreads: true
2022-07-17 19:42:26 DEBUG PooledByteBufAllocator:174 - -Dio.netty.allocator.maxCachedByteBuffersPerChunk: 1023
2022-07-17 19:42:26 DEBUG ByteBufUtil:87 - -Dio.netty.allocator.type: pooled
2022-07-17 19:42:26 DEBUG ByteBufUtil:96 - -Dio.netty.threadLocalDirectBufferSize: 0
2022-07-17 19:42:26 DEBUG ByteBufUtil:99 - -Dio.netty.maxThreadLocalCharBufferSize: 16384
2022-07-17 19:42:27 DEBUG DefaultChannelId:79 - -Dio.netty.processId: 10816 (auto-detected)
2022-07-17 19:42:27 DEBUG NetUtil:135 - -Djava.net.preferIPv4Stack: false
2022-07-17 19:42:27 DEBUG NetUtil:136 - -Djava.net.preferIPv6Addresses: false
2022-07-17 19:42:27 DEBUG NetUtilInitializations:129 - Loopback interface: lo (Software Loopback Interface 1, 127.0.0.1)
2022-07-17 19:42:27 DEBUG NetUtil:187 - Failed to get SOMAXCONN from sysctl and file \proc\sys\net\core\somaxconn. Default: 200
2022-07-17 19:42:27 DEBUG DefaultChannelId:101 - -Dio.netty.machineId: 80:91:33:ff:fe:67:4a:81 (auto-detected)
2022-07-17 19:42:27 DEBUG AbstractByteBuf:63 - -Dio.netty.buffer.checkAccessible: true
2022-07-17 19:42:27 DEBUG AbstractByteBuf:64 - -Dio.netty.buffer.checkBounds: true
2022-07-17 19:42:27 DEBUG ResourceLeakDetectorFactory:196 - Loaded default ResourceLeakDetector: io.netty.util.ResourceLeakDetector@4b173710
2022-07-17 19:42:28 DEBUG Recycler:85 - -Dio.netty.recycler.maxCapacityPerThread: 4096
2022-07-17 19:42:28 DEBUG Recycler:86 - -Dio.netty.recycler.ratio: 8
2022-07-17 19:42:28 DEBUG Recycler:87 - -Dio.netty.recycler.chunkSize: 32
2022-07-17 19:42:28 DEBUG Recycler:88 - -Dio.netty.recycler.blocking: false
2022-07-17 19:42:29 DEBUG Brotli:38 - brotli4j not in the classpath; Brotli support will be unavailable.
2022-07-17 19:42:29 DEBUG ThreadLocalRandom:214 - -Dio.netty.initialSeedUniquifier: 0x50784b19c6a3444e
2022-07-17 19:42:32 INFO  Log:11 - =====================================Login To Payroll TEST START=========================================
2022-07-17 19:42:32 INFO  Log:22 - Going to enter username and password
2022-07-17 19:42:32 INFO  Log:15 - =====================================Login and assertion completed TEST END=========================================
2022-07-17 19:42:32 INFO  Log:11 - =====================================Login To Payroll TEST START=========================================
2022-07-17 19:42:32 INFO  Log:22 - Going to enter username and password
2022-07-17 19:42:33 INFO  Log:15 - =====================================Login and assertion completed TEST END=========================================
2022-07-17 19:42:33 INFO  Log:11 - =====================================Login To Payroll TEST START=========================================
2022-07-17 19:42:33 INFO  Log:22 - Going to enter username and password
2022-07-17 19:42:34 INFO  Log:15 - =====================================Login and assertion completed TEST END=========================================
2022-07-17 19:44:58 DEBUG InternalLoggerFactory:89 - Using Log4J as the default logging framework
2022-07-17 19:44:58 DEBUG ResourceLeakDetector:129 - -Dio.netty.leakDetection.level: simple
2022-07-17 19:44:58 DEBUG ResourceLeakDetector:130 - -Dio.netty.leakDetection.targetRecords: 4
2022-07-17 19:44:58 DEBUG ResourceLeakDetectorFactory:196 - Loaded default ResourceLeakDetector: io.netty.util.ResourceLeakDetector@1c98290c
2022-07-17 19:44:58 DEBUG PlatformDependent0:460 - -Dio.netty.noUnsafe: false
2022-07-17 19:44:58 DEBUG PlatformDependent0:954 - Java version: 16
2022-07-17 19:44:58 DEBUG PlatformDependent0:135 - sun.misc.Unsafe.theUnsafe: available
2022-07-17 19:44:58 DEBUG PlatformDependent0:159 - sun.misc.Unsafe.copyMemory: available
2022-07-17 19:44:58 DEBUG PlatformDependent0:202 - java.nio.Buffer.address: available
2022-07-17 19:44:58 DEBUG PlatformDependent0:285 - direct buffer constructor: unavailable: Reflective setAccessible(true) disabled
2022-07-17 19:44:58 DEBUG PlatformDependent0:350 - java.nio.Bits.unaligned: available, true
2022-07-17 19:44:58 DEBUG PlatformDependent0:417 - jdk.internal.misc.Unsafe.allocateUninitializedArray(int): unavailable: class io.netty.util.internal.PlatformDependent0$6 cannot access class jdk.internal.misc.Unsafe (in module java.base) because module java.base does not export jdk.internal.misc to unnamed module @77468bd9
2022-07-17 19:44:58 DEBUG PlatformDependent0:446 - java.nio.DirectByteBuffer.<init>(long, int): unavailable
2022-07-17 19:44:58 DEBUG PlatformDependent:1116 - sun.misc.Unsafe: available
2022-07-17 19:44:58 DEBUG PlatformDependent:1218 - maxDirectMemory: 2109734912 bytes (maybe)
2022-07-17 19:44:58 DEBUG PlatformDependent:1237 - -Dio.netty.tmpdir: C:\Users\Nithin\AppData\Local\Temp (java.io.tmpdir)
2022-07-17 19:44:58 DEBUG PlatformDependent:1316 - -Dio.netty.bitMode: 64 (sun.arch.data.model)
2022-07-17 19:44:58 DEBUG PlatformDependent:1076 - Platform: Windows
2022-07-17 19:44:58 DEBUG PlatformDependent:178 - -Dio.netty.maxDirectMemory: -1 bytes
2022-07-17 19:44:58 DEBUG PlatformDependent:185 - -Dio.netty.uninitializedArrayAllocationThreshold: -1
2022-07-17 19:44:58 DEBUG CleanerJava9:71 - java.nio.ByteBuffer.cleaner(): available
2022-07-17 19:44:58 DEBUG PlatformDependent:205 - -Dio.netty.noPreferDirect: false
2022-07-17 19:44:58 DEBUG PlatformDependent:967 - org.jctools-core.MpscChunkedArrayQueue: available
2022-07-17 19:44:58 DEBUG InternalThreadLocalMap:86 - -Dio.netty.threadLocalMap.stringBuilder.initialSize: 1024
2022-07-17 19:44:58 DEBUG InternalThreadLocalMap:89 - -Dio.netty.threadLocalMap.stringBuilder.maxSize: 4096
2022-07-17 19:44:58 DEBUG JdkSslContext:97 - Default protocols (JDK): [TLSv1.3, TLSv1.2] 
2022-07-17 19:44:58 DEBUG JdkSslContext:98 - Default cipher suites (JDK): [TLS_ECDHE_ECDSA_WITH_AES_256_GCM_SHA384, TLS_ECDHE_ECDSA_WITH_AES_128_GCM_SHA256, TLS_ECDHE_RSA_WITH_AES_128_GCM_SHA256, TLS_ECDHE_RSA_WITH_AES_256_GCM_SHA384, TLS_ECDHE_RSA_WITH_AES_128_CBC_SHA, TLS_ECDHE_RSA_WITH_AES_256_CBC_SHA, TLS_RSA_WITH_AES_128_GCM_SHA256, TLS_RSA_WITH_AES_128_CBC_SHA, TLS_RSA_WITH_AES_256_CBC_SHA, TLS_AES_128_GCM_SHA256, TLS_AES_256_GCM_SHA384]
2022-07-17 19:44:58 DEBUG MultithreadEventLoopGroup:44 - -Dio.netty.eventLoopThreads: 16
2022-07-17 19:44:58 DEBUG NioEventLoop:109 - -Dio.netty.noKeySetOptimization: false
2022-07-17 19:44:58 DEBUG NioEventLoop:110 - -Dio.netty.selectorAutoRebuildThreshold: 512
2022-07-17 19:44:58 DEBUG PooledByteBufAllocator:155 - -Dio.netty.allocator.numHeapArenas: 16
2022-07-17 19:44:58 DEBUG PooledByteBufAllocator:156 - -Dio.netty.allocator.numDirectArenas: 16
2022-07-17 19:44:58 DEBUG PooledByteBufAllocator:158 - -Dio.netty.allocator.pageSize: 8192
2022-07-17 19:44:58 DEBUG PooledByteBufAllocator:163 - -Dio.netty.allocator.maxOrder: 11
2022-07-17 19:44:58 DEBUG PooledByteBufAllocator:167 - -Dio.netty.allocator.chunkSize: 16777216
2022-07-17 19:44:58 DEBUG PooledByteBufAllocator:168 - -Dio.netty.allocator.smallCacheSize: 256
2022-07-17 19:44:58 DEBUG PooledByteBufAllocator:169 - -Dio.netty.allocator.normalCacheSize: 64
2022-07-17 19:44:58 DEBUG PooledByteBufAllocator:170 - -Dio.netty.allocator.maxCachedBufferCapacity: 32768
2022-07-17 19:44:58 DEBUG PooledByteBufAllocator:171 - -Dio.netty.allocator.cacheTrimInterval: 8192
2022-07-17 19:44:58 DEBUG PooledByteBufAllocator:172 - -Dio.netty.allocator.cacheTrimIntervalMillis: 0
2022-07-17 19:44:58 DEBUG PooledByteBufAllocator:173 - -Dio.netty.allocator.useCacheForAllThreads: true
2022-07-17 19:44:58 DEBUG PooledByteBufAllocator:174 - -Dio.netty.allocator.maxCachedByteBuffersPerChunk: 1023
2022-07-17 19:44:58 DEBUG ByteBufUtil:87 - -Dio.netty.allocator.type: pooled
2022-07-17 19:44:58 DEBUG ByteBufUtil:96 - -Dio.netty.threadLocalDirectBufferSize: 0
2022-07-17 19:44:58 DEBUG ByteBufUtil:99 - -Dio.netty.maxThreadLocalCharBufferSize: 16384
2022-07-17 19:44:59 DEBUG DefaultChannelId:79 - -Dio.netty.processId: 12496 (auto-detected)
2022-07-17 19:44:59 DEBUG NetUtil:135 - -Djava.net.preferIPv4Stack: false
2022-07-17 19:44:59 DEBUG NetUtil:136 - -Djava.net.preferIPv6Addresses: false
2022-07-17 19:44:59 DEBUG NetUtilInitializations:129 - Loopback interface: lo (Software Loopback Interface 1, 127.0.0.1)
2022-07-17 19:44:59 DEBUG NetUtil:187 - Failed to get SOMAXCONN from sysctl and file \proc\sys\net\core\somaxconn. Default: 200
2022-07-17 19:44:59 DEBUG DefaultChannelId:101 - -Dio.netty.machineId: 80:91:33:ff:fe:67:4a:81 (auto-detected)
2022-07-17 19:44:59 DEBUG AbstractByteBuf:63 - -Dio.netty.buffer.checkAccessible: true
2022-07-17 19:44:59 DEBUG AbstractByteBuf:64 - -Dio.netty.buffer.checkBounds: true
2022-07-17 19:44:59 DEBUG ResourceLeakDetectorFactory:196 - Loaded default ResourceLeakDetector: io.netty.util.ResourceLeakDetector@4b173710
2022-07-17 19:44:59 DEBUG Recycler:85 - -Dio.netty.recycler.maxCapacityPerThread: 4096
2022-07-17 19:44:59 DEBUG Recycler:86 - -Dio.netty.recycler.ratio: 8
2022-07-17 19:44:59 DEBUG Recycler:87 - -Dio.netty.recycler.chunkSize: 32
2022-07-17 19:44:59 DEBUG Recycler:88 - -Dio.netty.recycler.blocking: false
2022-07-17 19:45:00 DEBUG Brotli:38 - brotli4j not in the classpath; Brotli support will be unavailable.
2022-07-17 19:45:00 DEBUG ThreadLocalRandom:214 - -Dio.netty.initialSeedUniquifier: 0xac4fed5fc4c15c58
2022-07-17 19:45:03 INFO  Log:11 - =====================================Login To Payroll TEST START=========================================
2022-07-17 19:45:03 INFO  Log:22 - Going to enter username and password
2022-07-17 19:45:09 INFO  Log:15 - =====================================Login and assertion completed TEST END=========================================
2022-07-17 19:45:09 INFO  Log:11 - =====================================Login To Payroll TEST START=========================================
2022-07-17 19:45:09 INFO  Log:22 - Going to enter username and password
2022-07-17 19:45:24 INFO  Log:11 - =====================================Login To Payroll TEST START=========================================
2022-07-17 19:45:24 INFO  Log:22 - Going to enter username and password
2022-07-17 19:45:25 INFO  Log:15 - =====================================Login and assertion completed TEST END=========================================
2022-07-17 20:01:24 DEBUG InternalLoggerFactory:89 - Using Log4J as the default logging framework
2022-07-17 20:01:24 DEBUG ResourceLeakDetector:129 - -Dio.netty.leakDetection.level: simple
2022-07-17 20:01:24 DEBUG ResourceLeakDetector:130 - -Dio.netty.leakDetection.targetRecords: 4
2022-07-17 20:01:24 DEBUG ResourceLeakDetectorFactory:196 - Loaded default ResourceLeakDetector: io.netty.util.ResourceLeakDetector@6a62689d
2022-07-17 20:01:24 DEBUG PlatformDependent0:460 - -Dio.netty.noUnsafe: false
2022-07-17 20:01:24 DEBUG PlatformDependent0:954 - Java version: 16
2022-07-17 20:01:24 DEBUG PlatformDependent0:135 - sun.misc.Unsafe.theUnsafe: available
2022-07-17 20:01:24 DEBUG PlatformDependent0:159 - sun.misc.Unsafe.copyMemory: available
2022-07-17 20:01:24 DEBUG PlatformDependent0:202 - java.nio.Buffer.address: available
2022-07-17 20:01:24 DEBUG PlatformDependent0:285 - direct buffer constructor: unavailable: Reflective setAccessible(true) disabled
2022-07-17 20:01:24 DEBUG PlatformDependent0:350 - java.nio.Bits.unaligned: available, true
2022-07-17 20:01:24 DEBUG PlatformDependent0:417 - jdk.internal.misc.Unsafe.allocateUninitializedArray(int): unavailable: class io.netty.util.internal.PlatformDependent0$6 cannot access class jdk.internal.misc.Unsafe (in module java.base) because module java.base does not export jdk.internal.misc to unnamed module @77468bd9
2022-07-17 20:01:24 DEBUG PlatformDependent0:446 - java.nio.DirectByteBuffer.<init>(long, int): unavailable
2022-07-17 20:01:24 DEBUG PlatformDependent:1116 - sun.misc.Unsafe: available
2022-07-17 20:01:24 DEBUG PlatformDependent:1218 - maxDirectMemory: 2109734912 bytes (maybe)
2022-07-17 20:01:24 DEBUG PlatformDependent:1237 - -Dio.netty.tmpdir: C:\Users\Nithin\AppData\Local\Temp (java.io.tmpdir)
2022-07-17 20:01:24 DEBUG PlatformDependent:1316 - -Dio.netty.bitMode: 64 (sun.arch.data.model)
2022-07-17 20:01:24 DEBUG PlatformDependent:1076 - Platform: Windows
2022-07-17 20:01:24 DEBUG PlatformDependent:178 - -Dio.netty.maxDirectMemory: -1 bytes
2022-07-17 20:01:24 DEBUG PlatformDependent:185 - -Dio.netty.uninitializedArrayAllocationThreshold: -1
2022-07-17 20:01:24 DEBUG CleanerJava9:71 - java.nio.ByteBuffer.cleaner(): available
2022-07-17 20:01:24 DEBUG PlatformDependent:205 - -Dio.netty.noPreferDirect: false
2022-07-17 20:01:24 DEBUG PlatformDependent:967 - org.jctools-core.MpscChunkedArrayQueue: available
2022-07-17 20:01:24 DEBUG InternalThreadLocalMap:86 - -Dio.netty.threadLocalMap.stringBuilder.initialSize: 1024
2022-07-17 20:01:24 DEBUG InternalThreadLocalMap:89 - -Dio.netty.threadLocalMap.stringBuilder.maxSize: 4096
2022-07-17 20:01:24 DEBUG JdkSslContext:97 - Default protocols (JDK): [TLSv1.3, TLSv1.2] 
2022-07-17 20:01:24 DEBUG JdkSslContext:98 - Default cipher suites (JDK): [TLS_ECDHE_ECDSA_WITH_AES_256_GCM_SHA384, TLS_ECDHE_ECDSA_WITH_AES_128_GCM_SHA256, TLS_ECDHE_RSA_WITH_AES_128_GCM_SHA256, TLS_ECDHE_RSA_WITH_AES_256_GCM_SHA384, TLS_ECDHE_RSA_WITH_AES_128_CBC_SHA, TLS_ECDHE_RSA_WITH_AES_256_CBC_SHA, TLS_RSA_WITH_AES_128_GCM_SHA256, TLS_RSA_WITH_AES_128_CBC_SHA, TLS_RSA_WITH_AES_256_CBC_SHA, TLS_AES_128_GCM_SHA256, TLS_AES_256_GCM_SHA384]
2022-07-17 20:01:24 DEBUG MultithreadEventLoopGroup:44 - -Dio.netty.eventLoopThreads: 16
2022-07-17 20:01:24 DEBUG NioEventLoop:109 - -Dio.netty.noKeySetOptimization: false
2022-07-17 20:01:24 DEBUG NioEventLoop:110 - -Dio.netty.selectorAutoRebuildThreshold: 512
2022-07-17 20:01:24 DEBUG PooledByteBufAllocator:155 - -Dio.netty.allocator.numHeapArenas: 16
2022-07-17 20:01:24 DEBUG PooledByteBufAllocator:156 - -Dio.netty.allocator.numDirectArenas: 16
2022-07-17 20:01:24 DEBUG PooledByteBufAllocator:158 - -Dio.netty.allocator.pageSize: 8192
2022-07-17 20:01:24 DEBUG PooledByteBufAllocator:163 - -Dio.netty.allocator.maxOrder: 11
2022-07-17 20:01:24 DEBUG PooledByteBufAllocator:167 - -Dio.netty.allocator.chunkSize: 16777216
2022-07-17 20:01:24 DEBUG PooledByteBufAllocator:168 - -Dio.netty.allocator.smallCacheSize: 256
2022-07-17 20:01:24 DEBUG PooledByteBufAllocator:169 - -Dio.netty.allocator.normalCacheSize: 64
2022-07-17 20:01:24 DEBUG PooledByteBufAllocator:170 - -Dio.netty.allocator.maxCachedBufferCapacity: 32768
2022-07-17 20:01:24 DEBUG PooledByteBufAllocator:171 - -Dio.netty.allocator.cacheTrimInterval: 8192
2022-07-17 20:01:24 DEBUG PooledByteBufAllocator:172 - -Dio.netty.allocator.cacheTrimIntervalMillis: 0
2022-07-17 20:01:24 DEBUG PooledByteBufAllocator:173 - -Dio.netty.allocator.useCacheForAllThreads: true
2022-07-17 20:01:24 DEBUG PooledByteBufAllocator:174 - -Dio.netty.allocator.maxCachedByteBuffersPerChunk: 1023
2022-07-17 20:01:24 DEBUG ByteBufUtil:87 - -Dio.netty.allocator.type: pooled
2022-07-17 20:01:24 DEBUG ByteBufUtil:96 - -Dio.netty.threadLocalDirectBufferSize: 0
2022-07-17 20:01:24 DEBUG ByteBufUtil:99 - -Dio.netty.maxThreadLocalCharBufferSize: 16384
2022-07-17 20:01:25 DEBUG DefaultChannelId:79 - -Dio.netty.processId: 16220 (auto-detected)
2022-07-17 20:01:25 DEBUG NetUtil:135 - -Djava.net.preferIPv4Stack: false
2022-07-17 20:01:25 DEBUG NetUtil:136 - -Djava.net.preferIPv6Addresses: false
2022-07-17 20:01:25 DEBUG NetUtilInitializations:129 - Loopback interface: lo (Software Loopback Interface 1, 127.0.0.1)
2022-07-17 20:01:25 DEBUG NetUtil:187 - Failed to get SOMAXCONN from sysctl and file \proc\sys\net\core\somaxconn. Default: 200
2022-07-17 20:01:25 DEBUG DefaultChannelId:101 - -Dio.netty.machineId: 80:91:33:ff:fe:67:4a:81 (auto-detected)
2022-07-17 20:01:25 DEBUG AbstractByteBuf:63 - -Dio.netty.buffer.checkAccessible: true
2022-07-17 20:01:25 DEBUG AbstractByteBuf:64 - -Dio.netty.buffer.checkBounds: true
2022-07-17 20:01:25 DEBUG ResourceLeakDetectorFactory:196 - Loaded default ResourceLeakDetector: io.netty.util.ResourceLeakDetector@5457575
2022-07-17 20:01:25 DEBUG Recycler:85 - -Dio.netty.recycler.maxCapacityPerThread: 4096
2022-07-17 20:01:25 DEBUG Recycler:86 - -Dio.netty.recycler.ratio: 8
2022-07-17 20:01:25 DEBUG Recycler:87 - -Dio.netty.recycler.chunkSize: 32
2022-07-17 20:01:25 DEBUG Recycler:88 - -Dio.netty.recycler.blocking: false
2022-07-17 20:01:26 DEBUG Brotli:38 - brotli4j not in the classpath; Brotli support will be unavailable.
2022-07-17 20:01:26 DEBUG ThreadLocalRandom:214 - -Dio.netty.initialSeedUniquifier: 0xd28baacd350be409
2022-07-17 20:01:29 INFO  Log:11 - =====================================Login To Payroll TEST START=========================================
2022-07-17 20:01:29 INFO  Log:22 - Going to enter username and password
2022-07-17 20:01:29 INFO  Log:15 - =====================================Login and assertion completed TEST END=========================================
2022-07-17 20:01:29 INFO  Log:11 - =====================================Login To Payroll TEST START=========================================
2022-07-17 20:01:29 INFO  Log:22 - Going to enter username and password
2022-07-17 20:01:42 INFO  Log:11 - =====================================Login To Payroll TEST START=========================================
2022-07-17 20:01:42 INFO  Log:22 - Going to enter username and password
2022-07-17 20:02:26 DEBUG InternalLoggerFactory:89 - Using Log4J as the default logging framework
2022-07-17 20:02:26 DEBUG ResourceLeakDetector:129 - -Dio.netty.leakDetection.level: simple
2022-07-17 20:02:26 DEBUG ResourceLeakDetector:130 - -Dio.netty.leakDetection.targetRecords: 4
2022-07-17 20:02:26 DEBUG ResourceLeakDetectorFactory:196 - Loaded default ResourceLeakDetector: io.netty.util.ResourceLeakDetector@9635fa
2022-07-17 20:02:26 DEBUG PlatformDependent0:460 - -Dio.netty.noUnsafe: false
2022-07-17 20:02:26 DEBUG PlatformDependent0:954 - Java version: 16
2022-07-17 20:02:26 DEBUG PlatformDependent0:135 - sun.misc.Unsafe.theUnsafe: available
2022-07-17 20:02:26 DEBUG PlatformDependent0:159 - sun.misc.Unsafe.copyMemory: available
2022-07-17 20:02:26 DEBUG PlatformDependent0:202 - java.nio.Buffer.address: available
2022-07-17 20:02:26 DEBUG PlatformDependent0:285 - direct buffer constructor: unavailable: Reflective setAccessible(true) disabled
2022-07-17 20:02:26 DEBUG PlatformDependent0:350 - java.nio.Bits.unaligned: available, true
2022-07-17 20:02:26 DEBUG PlatformDependent0:417 - jdk.internal.misc.Unsafe.allocateUninitializedArray(int): unavailable: class io.netty.util.internal.PlatformDependent0$6 cannot access class jdk.internal.misc.Unsafe (in module java.base) because module java.base does not export jdk.internal.misc to unnamed module @77468bd9
2022-07-17 20:02:26 DEBUG PlatformDependent0:446 - java.nio.DirectByteBuffer.<init>(long, int): unavailable
2022-07-17 20:02:26 DEBUG PlatformDependent:1116 - sun.misc.Unsafe: available
2022-07-17 20:02:26 DEBUG PlatformDependent:1218 - maxDirectMemory: 2109734912 bytes (maybe)
2022-07-17 20:02:26 DEBUG PlatformDependent:1237 - -Dio.netty.tmpdir: C:\Users\Nithin\AppData\Local\Temp (java.io.tmpdir)
2022-07-17 20:02:26 DEBUG PlatformDependent:1316 - -Dio.netty.bitMode: 64 (sun.arch.data.model)
2022-07-17 20:02:26 DEBUG PlatformDependent:1076 - Platform: Windows
2022-07-17 20:02:26 DEBUG PlatformDependent:178 - -Dio.netty.maxDirectMemory: -1 bytes
2022-07-17 20:02:26 DEBUG PlatformDependent:185 - -Dio.netty.uninitializedArrayAllocationThreshold: -1
2022-07-17 20:02:26 DEBUG CleanerJava9:71 - java.nio.ByteBuffer.cleaner(): available
2022-07-17 20:02:26 DEBUG PlatformDependent:205 - -Dio.netty.noPreferDirect: false
2022-07-17 20:02:26 DEBUG PlatformDependent:967 - org.jctools-core.MpscChunkedArrayQueue: available
2022-07-17 20:02:26 DEBUG InternalThreadLocalMap:86 - -Dio.netty.threadLocalMap.stringBuilder.initialSize: 1024
2022-07-17 20:02:26 DEBUG InternalThreadLocalMap:89 - -Dio.netty.threadLocalMap.stringBuilder.maxSize: 4096
2022-07-17 20:02:26 DEBUG JdkSslContext:97 - Default protocols (JDK): [TLSv1.3, TLSv1.2] 
2022-07-17 20:02:26 DEBUG JdkSslContext:98 - Default cipher suites (JDK): [TLS_ECDHE_ECDSA_WITH_AES_256_GCM_SHA384, TLS_ECDHE_ECDSA_WITH_AES_128_GCM_SHA256, TLS_ECDHE_RSA_WITH_AES_128_GCM_SHA256, TLS_ECDHE_RSA_WITH_AES_256_GCM_SHA384, TLS_ECDHE_RSA_WITH_AES_128_CBC_SHA, TLS_ECDHE_RSA_WITH_AES_256_CBC_SHA, TLS_RSA_WITH_AES_128_GCM_SHA256, TLS_RSA_WITH_AES_128_CBC_SHA, TLS_RSA_WITH_AES_256_CBC_SHA, TLS_AES_128_GCM_SHA256, TLS_AES_256_GCM_SHA384]
2022-07-17 20:02:26 DEBUG MultithreadEventLoopGroup:44 - -Dio.netty.eventLoopThreads: 16
2022-07-17 20:02:26 DEBUG NioEventLoop:109 - -Dio.netty.noKeySetOptimization: false
2022-07-17 20:02:26 DEBUG NioEventLoop:110 - -Dio.netty.selectorAutoRebuildThreshold: 512
2022-07-17 20:02:26 DEBUG PooledByteBufAllocator:155 - -Dio.netty.allocator.numHeapArenas: 16
2022-07-17 20:02:26 DEBUG PooledByteBufAllocator:156 - -Dio.netty.allocator.numDirectArenas: 16
2022-07-17 20:02:26 DEBUG PooledByteBufAllocator:158 - -Dio.netty.allocator.pageSize: 8192
2022-07-17 20:02:26 DEBUG PooledByteBufAllocator:163 - -Dio.netty.allocator.maxOrder: 11
2022-07-17 20:02:26 DEBUG PooledByteBufAllocator:167 - -Dio.netty.allocator.chunkSize: 16777216
2022-07-17 20:02:26 DEBUG PooledByteBufAllocator:168 - -Dio.netty.allocator.smallCacheSize: 256
2022-07-17 20:02:26 DEBUG PooledByteBufAllocator:169 - -Dio.netty.allocator.normalCacheSize: 64
2022-07-17 20:02:26 DEBUG PooledByteBufAllocator:170 - -Dio.netty.allocator.maxCachedBufferCapacity: 32768
2022-07-17 20:02:26 DEBUG PooledByteBufAllocator:171 - -Dio.netty.allocator.cacheTrimInterval: 8192
2022-07-17 20:02:26 DEBUG PooledByteBufAllocator:172 - -Dio.netty.allocator.cacheTrimIntervalMillis: 0
2022-07-17 20:02:26 DEBUG PooledByteBufAllocator:173 - -Dio.netty.allocator.useCacheForAllThreads: true
2022-07-17 20:02:26 DEBUG PooledByteBufAllocator:174 - -Dio.netty.allocator.maxCachedByteBuffersPerChunk: 1023
2022-07-17 20:02:26 DEBUG ByteBufUtil:87 - -Dio.netty.allocator.type: pooled
2022-07-17 20:02:26 DEBUG ByteBufUtil:96 - -Dio.netty.threadLocalDirectBufferSize: 0
2022-07-17 20:02:26 DEBUG ByteBufUtil:99 - -Dio.netty.maxThreadLocalCharBufferSize: 16384
2022-07-17 20:02:27 DEBUG DefaultChannelId:79 - -Dio.netty.processId: 16072 (auto-detected)
2022-07-17 20:02:27 DEBUG NetUtil:135 - -Djava.net.preferIPv4Stack: false
2022-07-17 20:02:27 DEBUG NetUtil:136 - -Djava.net.preferIPv6Addresses: false
2022-07-17 20:02:27 DEBUG NetUtilInitializations:129 - Loopback interface: lo (Software Loopback Interface 1, 127.0.0.1)
2022-07-17 20:02:27 DEBUG NetUtil:187 - Failed to get SOMAXCONN from sysctl and file \proc\sys\net\core\somaxconn. Default: 200
2022-07-17 20:02:27 DEBUG DefaultChannelId:101 - -Dio.netty.machineId: 80:91:33:ff:fe:67:4a:81 (auto-detected)
2022-07-17 20:02:27 DEBUG AbstractByteBuf:63 - -Dio.netty.buffer.checkAccessible: true
2022-07-17 20:02:27 DEBUG AbstractByteBuf:64 - -Dio.netty.buffer.checkBounds: true
2022-07-17 20:02:27 DEBUG ResourceLeakDetectorFactory:196 - Loaded default ResourceLeakDetector: io.netty.util.ResourceLeakDetector@aa98246
2022-07-17 20:02:27 DEBUG Recycler:85 - -Dio.netty.recycler.maxCapacityPerThread: 4096
2022-07-17 20:02:27 DEBUG Recycler:86 - -Dio.netty.recycler.ratio: 8
2022-07-17 20:02:27 DEBUG Recycler:87 - -Dio.netty.recycler.chunkSize: 32
2022-07-17 20:02:27 DEBUG Recycler:88 - -Dio.netty.recycler.blocking: false
2022-07-17 20:02:27 DEBUG Brotli:38 - brotli4j not in the classpath; Brotli support will be unavailable.
2022-07-17 20:02:28 DEBUG ThreadLocalRandom:214 - -Dio.netty.initialSeedUniquifier: 0x6d5639aa6efcf30a
2022-07-17 20:02:30 INFO  Log:11 - =====================================Login To Payroll TEST START=========================================
2022-07-17 20:02:30 INFO  Log:22 - Going to enter username and password
2022-07-17 20:02:31 INFO  Log:15 - =====================================Login and assertion completed TEST END=========================================
2022-07-17 20:26:06 DEBUG InternalLoggerFactory:89 - Using Log4J as the default logging framework
2022-07-17 20:26:06 DEBUG ResourceLeakDetector:129 - -Dio.netty.leakDetection.level: simple
2022-07-17 20:26:06 DEBUG ResourceLeakDetector:130 - -Dio.netty.leakDetection.targetRecords: 4
2022-07-17 20:26:06 DEBUG ResourceLeakDetectorFactory:196 - Loaded default ResourceLeakDetector: io.netty.util.ResourceLeakDetector@4602c2a9
2022-07-17 20:26:06 DEBUG PlatformDependent0:460 - -Dio.netty.noUnsafe: false
2022-07-17 20:26:06 DEBUG PlatformDependent0:954 - Java version: 16
2022-07-17 20:26:06 DEBUG PlatformDependent0:135 - sun.misc.Unsafe.theUnsafe: available
2022-07-17 20:26:06 DEBUG PlatformDependent0:159 - sun.misc.Unsafe.copyMemory: available
2022-07-17 20:26:06 DEBUG PlatformDependent0:202 - java.nio.Buffer.address: available
2022-07-17 20:26:06 DEBUG PlatformDependent0:285 - direct buffer constructor: unavailable: Reflective setAccessible(true) disabled
2022-07-17 20:26:06 DEBUG PlatformDependent0:350 - java.nio.Bits.unaligned: available, true
2022-07-17 20:26:06 DEBUG PlatformDependent0:417 - jdk.internal.misc.Unsafe.allocateUninitializedArray(int): unavailable: class io.netty.util.internal.PlatformDependent0$6 cannot access class jdk.internal.misc.Unsafe (in module java.base) because module java.base does not export jdk.internal.misc to unnamed module @77468bd9
2022-07-17 20:26:06 DEBUG PlatformDependent0:446 - java.nio.DirectByteBuffer.<init>(long, int): unavailable
2022-07-17 20:26:06 DEBUG PlatformDependent:1116 - sun.misc.Unsafe: available
2022-07-17 20:26:06 DEBUG PlatformDependent:1218 - maxDirectMemory: 2109734912 bytes (maybe)
2022-07-17 20:26:06 DEBUG PlatformDependent:1237 - -Dio.netty.tmpdir: C:\Users\Nithin\AppData\Local\Temp (java.io.tmpdir)
2022-07-17 20:26:06 DEBUG PlatformDependent:1316 - -Dio.netty.bitMode: 64 (sun.arch.data.model)
2022-07-17 20:26:06 DEBUG PlatformDependent:1076 - Platform: Windows
2022-07-17 20:26:06 DEBUG PlatformDependent:178 - -Dio.netty.maxDirectMemory: -1 bytes
2022-07-17 20:26:06 DEBUG PlatformDependent:185 - -Dio.netty.uninitializedArrayAllocationThreshold: -1
2022-07-17 20:26:06 DEBUG CleanerJava9:71 - java.nio.ByteBuffer.cleaner(): available
2022-07-17 20:26:06 DEBUG PlatformDependent:205 - -Dio.netty.noPreferDirect: false
2022-07-17 20:26:06 DEBUG PlatformDependent:967 - org.jctools-core.MpscChunkedArrayQueue: available
2022-07-17 20:26:06 DEBUG InternalThreadLocalMap:86 - -Dio.netty.threadLocalMap.stringBuilder.initialSize: 1024
2022-07-17 20:26:06 DEBUG InternalThreadLocalMap:89 - -Dio.netty.threadLocalMap.stringBuilder.maxSize: 4096
2022-07-17 20:26:06 DEBUG JdkSslContext:97 - Default protocols (JDK): [TLSv1.3, TLSv1.2] 
2022-07-17 20:26:06 DEBUG JdkSslContext:98 - Default cipher suites (JDK): [TLS_ECDHE_ECDSA_WITH_AES_256_GCM_SHA384, TLS_ECDHE_ECDSA_WITH_AES_128_GCM_SHA256, TLS_ECDHE_RSA_WITH_AES_128_GCM_SHA256, TLS_ECDHE_RSA_WITH_AES_256_GCM_SHA384, TLS_ECDHE_RSA_WITH_AES_128_CBC_SHA, TLS_ECDHE_RSA_WITH_AES_256_CBC_SHA, TLS_RSA_WITH_AES_128_GCM_SHA256, TLS_RSA_WITH_AES_128_CBC_SHA, TLS_RSA_WITH_AES_256_CBC_SHA, TLS_AES_128_GCM_SHA256, TLS_AES_256_GCM_SHA384]
2022-07-17 20:26:06 DEBUG MultithreadEventLoopGroup:44 - -Dio.netty.eventLoopThreads: 16
2022-07-17 20:26:06 DEBUG NioEventLoop:109 - -Dio.netty.noKeySetOptimization: false
2022-07-17 20:26:06 DEBUG NioEventLoop:110 - -Dio.netty.selectorAutoRebuildThreshold: 512
2022-07-17 20:26:06 DEBUG PooledByteBufAllocator:155 - -Dio.netty.allocator.numHeapArenas: 16
2022-07-17 20:26:06 DEBUG PooledByteBufAllocator:156 - -Dio.netty.allocator.numDirectArenas: 16
2022-07-17 20:26:06 DEBUG PooledByteBufAllocator:158 - -Dio.netty.allocator.pageSize: 8192
2022-07-17 20:26:06 DEBUG PooledByteBufAllocator:163 - -Dio.netty.allocator.maxOrder: 11
2022-07-17 20:26:06 DEBUG PooledByteBufAllocator:167 - -Dio.netty.allocator.chunkSize: 16777216
2022-07-17 20:26:06 DEBUG PooledByteBufAllocator:168 - -Dio.netty.allocator.smallCacheSize: 256
2022-07-17 20:26:06 DEBUG PooledByteBufAllocator:169 - -Dio.netty.allocator.normalCacheSize: 64
2022-07-17 20:26:06 DEBUG PooledByteBufAllocator:170 - -Dio.netty.allocator.maxCachedBufferCapacity: 32768
2022-07-17 20:26:06 DEBUG PooledByteBufAllocator:171 - -Dio.netty.allocator.cacheTrimInterval: 8192
2022-07-17 20:26:06 DEBUG PooledByteBufAllocator:172 - -Dio.netty.allocator.cacheTrimIntervalMillis: 0
2022-07-17 20:26:06 DEBUG PooledByteBufAllocator:173 - -Dio.netty.allocator.useCacheForAllThreads: true
2022-07-17 20:26:06 DEBUG PooledByteBufAllocator:174 - -Dio.netty.allocator.maxCachedByteBuffersPerChunk: 1023
2022-07-17 20:26:06 DEBUG ByteBufUtil:87 - -Dio.netty.allocator.type: pooled
2022-07-17 20:26:06 DEBUG ByteBufUtil:96 - -Dio.netty.threadLocalDirectBufferSize: 0
2022-07-17 20:26:06 DEBUG ByteBufUtil:99 - -Dio.netty.maxThreadLocalCharBufferSize: 16384
2022-07-17 20:26:07 DEBUG DefaultChannelId:79 - -Dio.netty.processId: 6508 (auto-detected)
2022-07-17 20:26:07 DEBUG NetUtil:135 - -Djava.net.preferIPv4Stack: false
2022-07-17 20:26:07 DEBUG NetUtil:136 - -Djava.net.preferIPv6Addresses: false
2022-07-17 20:26:07 DEBUG NetUtilInitializations:129 - Loopback interface: lo (Software Loopback Interface 1, 127.0.0.1)
2022-07-17 20:26:07 DEBUG NetUtil:187 - Failed to get SOMAXCONN from sysctl and file \proc\sys\net\core\somaxconn. Default: 200
2022-07-17 20:26:07 DEBUG DefaultChannelId:101 - -Dio.netty.machineId: 80:91:33:ff:fe:67:4a:81 (auto-detected)
2022-07-17 20:26:07 DEBUG AbstractByteBuf:63 - -Dio.netty.buffer.checkAccessible: true
2022-07-17 20:26:07 DEBUG AbstractByteBuf:64 - -Dio.netty.buffer.checkBounds: true
2022-07-17 20:26:07 DEBUG ResourceLeakDetectorFactory:196 - Loaded default ResourceLeakDetector: io.netty.util.ResourceLeakDetector@7d14fab0
2022-07-17 20:26:07 DEBUG Recycler:85 - -Dio.netty.recycler.maxCapacityPerThread: 4096
2022-07-17 20:26:07 DEBUG Recycler:86 - -Dio.netty.recycler.ratio: 8
2022-07-17 20:26:07 DEBUG Recycler:87 - -Dio.netty.recycler.chunkSize: 32
2022-07-17 20:26:07 DEBUG Recycler:88 - -Dio.netty.recycler.blocking: false
2022-07-17 20:26:08 DEBUG Brotli:38 - brotli4j not in the classpath; Brotli support will be unavailable.
2022-07-17 20:26:08 DEBUG ThreadLocalRandom:214 - -Dio.netty.initialSeedUniquifier: 0xcbc76580a77dcedd
2022-07-17 20:26:12 INFO  Log:11 - =====================================Login To Payroll TEST START=========================================
2022-07-17 20:26:12 INFO  Log:22 - Going to enter username and password
2022-07-17 20:26:12 INFO  Log:15 - =====================================Login and assertion completed TEST END=========================================
2022-07-17 20:26:12 DEBUG cache:45 - Couldn't find template in cache for "v3html/v3-html-index.ftl"("en", UTF-8, parsed); will try to load it.
2022-07-17 20:26:12 DEBUG cache:45 - TemplateLoader.findTemplateSource("v3html/v3-html-index_en.ftl"): Not found
2022-07-17 20:26:12 DEBUG cache:45 - TemplateLoader.findTemplateSource("v3html/v3-html-index.ftl"): Found
2022-07-17 20:26:12 DEBUG cache:45 - Loading template for "v3html/v3-html-index.ftl"("en", UTF-8, parsed) from "jar:file:/C:/Users/Nithin/.m2/repository/com/aventstack/extentreports/4.0.9/extentreports-4.0.9.jar!/com/aventstack/extentreports/view/v3html/v3-html-index.ftl"
2022-07-17 20:26:13 DEBUG cache:45 - Couldn't find template in cache for "v3html/v3-html-head.ftl"("en", UTF-8, parsed); will try to load it.
2022-07-17 20:26:13 DEBUG cache:45 - TemplateLoader.findTemplateSource("v3html/v3-html-head_en.ftl"): Not found
2022-07-17 20:26:13 DEBUG cache:45 - TemplateLoader.findTemplateSource("v3html/v3-html-head.ftl"): Found
2022-07-17 20:26:13 DEBUG cache:45 - Loading template for "v3html/v3-html-head.ftl"("en", UTF-8, parsed) from "jar:file:/C:/Users/Nithin/.m2/repository/com/aventstack/extentreports/4.0.9/extentreports-4.0.9.jar!/com/aventstack/extentreports/view/v3html/v3-html-head.ftl"
2022-07-17 20:26:13 DEBUG cache:45 - Couldn't find template in cache for "v3html/v3-html-nav.ftl"("en", UTF-8, parsed); will try to load it.
2022-07-17 20:26:13 DEBUG cache:45 - TemplateLoader.findTemplateSource("v3html/v3-html-nav_en.ftl"): Not found
2022-07-17 20:26:13 DEBUG cache:45 - TemplateLoader.findTemplateSource("v3html/v3-html-nav.ftl"): Found
2022-07-17 20:26:13 DEBUG cache:45 - Loading template for "v3html/v3-html-nav.ftl"("en", UTF-8, parsed) from "jar:file:/C:/Users/Nithin/.m2/repository/com/aventstack/extentreports/4.0.9/extentreports-4.0.9.jar!/com/aventstack/extentreports/view/v3html/v3-html-nav.ftl"
2022-07-17 20:26:13 DEBUG cache:45 - Couldn't find template in cache for "v3html/test-view/v3-html-test-view.ftl"("en", UTF-8, parsed); will try to load it.
2022-07-17 20:26:13 DEBUG cache:45 - TemplateLoader.findTemplateSource("v3html/test-view/v3-html-test-view_en.ftl"): Not found
2022-07-17 20:26:13 DEBUG cache:45 - TemplateLoader.findTemplateSource("v3html/test-view/v3-html-test-view.ftl"): Found
2022-07-17 20:26:13 DEBUG cache:45 - Loading template for "v3html/test-view/v3-html-test-view.ftl"("en", UTF-8, parsed) from "jar:file:/C:/Users/Nithin/.m2/repository/com/aventstack/extentreports/4.0.9/extentreports-4.0.9.jar!/com/aventstack/extentreports/view/v3html/test-view/v3-html-test-view.ftl"
2022-07-17 20:26:13 DEBUG cache:45 - Couldn't find template in cache for "v3html/test-view/v3-html-test-view-charts.ftl"("en", UTF-8, parsed); will try to load it.
2022-07-17 20:26:13 DEBUG cache:45 - TemplateLoader.findTemplateSource("v3html/test-view/v3-html-test-view-charts_en.ftl"): Not found
2022-07-17 20:26:13 DEBUG cache:45 - TemplateLoader.findTemplateSource("v3html/test-view/v3-html-test-view-charts.ftl"): Found
2022-07-17 20:26:13 DEBUG cache:45 - Loading template for "v3html/test-view/v3-html-test-view-charts.ftl"("en", UTF-8, parsed) from "jar:file:/C:/Users/Nithin/.m2/repository/com/aventstack/extentreports/4.0.9/extentreports-4.0.9.jar!/com/aventstack/extentreports/view/v3html/test-view/v3-html-test-view-charts.ftl"
2022-07-17 20:26:13 DEBUG cache:45 - Couldn't find template in cache for "v3html/test-view/v3-html-standard.ftl"("en", UTF-8, parsed); will try to load it.
2022-07-17 20:26:13 DEBUG cache:45 - TemplateLoader.findTemplateSource("v3html/test-view/v3-html-standard_en.ftl"): Not found
2022-07-17 20:26:13 DEBUG cache:45 - TemplateLoader.findTemplateSource("v3html/test-view/v3-html-standard.ftl"): Found
2022-07-17 20:26:13 DEBUG cache:45 - Loading template for "v3html/test-view/v3-html-standard.ftl"("en", UTF-8, parsed) from "jar:file:/C:/Users/Nithin/.m2/repository/com/aventstack/extentreports/4.0.9/extentreports-4.0.9.jar!/com/aventstack/extentreports/view/v3html/test-view/v3-html-standard.ftl"
2022-07-17 20:26:13 DEBUG cache:45 - Couldn't find template in cache for "v3html/category-view/v3-html-category-view.ftl"("en", UTF-8, parsed); will try to load it.
2022-07-17 20:26:13 DEBUG cache:45 - TemplateLoader.findTemplateSource("v3html/category-view/v3-html-category-view_en.ftl"): Not found
2022-07-17 20:26:13 DEBUG cache:45 - TemplateLoader.findTemplateSource("v3html/category-view/v3-html-category-view.ftl"): Found
2022-07-17 20:26:13 DEBUG cache:45 - Loading template for "v3html/category-view/v3-html-category-view.ftl"("en", UTF-8, parsed) from "jar:file:/C:/Users/Nithin/.m2/repository/com/aventstack/extentreports/4.0.9/extentreports-4.0.9.jar!/com/aventstack/extentreports/view/v3html/category-view/v3-html-category-view.ftl"
2022-07-17 20:26:13 DEBUG cache:45 - Couldn't find template in cache for "v3html/exception-view/v3-html-exception-view.ftl"("en", UTF-8, parsed); will try to load it.
2022-07-17 20:26:13 DEBUG cache:45 - TemplateLoader.findTemplateSource("v3html/exception-view/v3-html-exception-view_en.ftl"): Not found
2022-07-17 20:26:13 DEBUG cache:45 - TemplateLoader.findTemplateSource("v3html/exception-view/v3-html-exception-view.ftl"): Found
2022-07-17 20:26:13 DEBUG cache:45 - Loading template for "v3html/exception-view/v3-html-exception-view.ftl"("en", UTF-8, parsed) from "jar:file:/C:/Users/Nithin/.m2/repository/com/aventstack/extentreports/4.0.9/extentreports-4.0.9.jar!/com/aventstack/extentreports/view/v3html/exception-view/v3-html-exception-view.ftl"
2022-07-17 20:26:13 DEBUG cache:45 - Couldn't find template in cache for "v3html/author-view/v3-html-author-view.ftl"("en", UTF-8, parsed); will try to load it.
2022-07-17 20:26:13 DEBUG cache:45 - TemplateLoader.findTemplateSource("v3html/author-view/v3-html-author-view_en.ftl"): Not found
2022-07-17 20:26:13 DEBUG cache:45 - TemplateLoader.findTemplateSource("v3html/author-view/v3-html-author-view.ftl"): Found
2022-07-17 20:26:13 DEBUG cache:45 - Loading template for "v3html/author-view/v3-html-author-view.ftl"("en", UTF-8, parsed) from "jar:file:/C:/Users/Nithin/.m2/repository/com/aventstack/extentreports/4.0.9/extentreports-4.0.9.jar!/com/aventstack/extentreports/view/v3html/author-view/v3-html-author-view.ftl"
2022-07-17 20:26:13 DEBUG cache:45 - Couldn't find template in cache for "v3html/dashboard-view/v3-html-dashboard-view.ftl"("en", UTF-8, parsed); will try to load it.
2022-07-17 20:26:13 DEBUG cache:45 - TemplateLoader.findTemplateSource("v3html/dashboard-view/v3-html-dashboard-view_en.ftl"): Not found
2022-07-17 20:26:13 DEBUG cache:45 - TemplateLoader.findTemplateSource("v3html/dashboard-view/v3-html-dashboard-view.ftl"): Found
2022-07-17 20:26:13 DEBUG cache:45 - Loading template for "v3html/dashboard-view/v3-html-dashboard-view.ftl"("en", UTF-8, parsed) from "jar:file:/C:/Users/Nithin/.m2/repository/com/aventstack/extentreports/4.0.9/extentreports-4.0.9.jar!/com/aventstack/extentreports/view/v3html/dashboard-view/v3-html-dashboard-view.ftl"
2022-07-17 20:26:13 DEBUG cache:45 - Couldn't find template in cache for "v3html/logs-view/v3-html-testrunner-logs-view.ftl"("en", UTF-8, parsed); will try to load it.
2022-07-17 20:26:13 DEBUG cache:45 - TemplateLoader.findTemplateSource("v3html/logs-view/v3-html-testrunner-logs-view_en.ftl"): Not found
2022-07-17 20:26:13 DEBUG cache:45 - TemplateLoader.findTemplateSource("v3html/logs-view/v3-html-testrunner-logs-view.ftl"): Found
2022-07-17 20:26:13 DEBUG cache:45 - Loading template for "v3html/logs-view/v3-html-testrunner-logs-view.ftl"("en", UTF-8, parsed) from "jar:file:/C:/Users/Nithin/.m2/repository/com/aventstack/extentreports/4.0.9/extentreports-4.0.9.jar!/com/aventstack/extentreports/view/v3html/logs-view/v3-html-testrunner-logs-view.ftl"
2022-07-18 21:15:53 DEBUG InternalLoggerFactory:89 - Using Log4J as the default logging framework
2022-07-18 21:15:53 DEBUG ResourceLeakDetector:129 - -Dio.netty.leakDetection.level: simple
2022-07-18 21:15:53 DEBUG ResourceLeakDetector:130 - -Dio.netty.leakDetection.targetRecords: 4
2022-07-18 21:15:53 DEBUG ResourceLeakDetectorFactory:196 - Loaded default ResourceLeakDetector: io.netty.util.ResourceLeakDetector@37f21974
2022-07-18 21:15:53 DEBUG PlatformDependent0:460 - -Dio.netty.noUnsafe: false
2022-07-18 21:15:53 DEBUG PlatformDependent0:954 - Java version: 16
2022-07-18 21:15:53 DEBUG PlatformDependent0:135 - sun.misc.Unsafe.theUnsafe: available
2022-07-18 21:15:53 DEBUG PlatformDependent0:159 - sun.misc.Unsafe.copyMemory: available
2022-07-18 21:15:53 DEBUG PlatformDependent0:202 - java.nio.Buffer.address: available
2022-07-18 21:15:53 DEBUG PlatformDependent0:285 - direct buffer constructor: unavailable: Reflective setAccessible(true) disabled
2022-07-18 21:15:53 DEBUG PlatformDependent0:350 - java.nio.Bits.unaligned: available, true
2022-07-18 21:15:53 DEBUG PlatformDependent0:417 - jdk.internal.misc.Unsafe.allocateUninitializedArray(int): unavailable: class io.netty.util.internal.PlatformDependent0$6 cannot access class jdk.internal.misc.Unsafe (in module java.base) because module java.base does not export jdk.internal.misc to unnamed module @77468bd9
2022-07-18 21:15:53 DEBUG PlatformDependent0:446 - java.nio.DirectByteBuffer.<init>(long, int): unavailable
2022-07-18 21:15:53 DEBUG PlatformDependent:1116 - sun.misc.Unsafe: available
2022-07-18 21:15:53 DEBUG PlatformDependent:1218 - maxDirectMemory: 2109734912 bytes (maybe)
2022-07-18 21:15:53 DEBUG PlatformDependent:1237 - -Dio.netty.tmpdir: C:\Users\Nithin\AppData\Local\Temp (java.io.tmpdir)
2022-07-18 21:15:53 DEBUG PlatformDependent:1316 - -Dio.netty.bitMode: 64 (sun.arch.data.model)
2022-07-18 21:15:53 DEBUG PlatformDependent:1076 - Platform: Windows
2022-07-18 21:15:53 DEBUG PlatformDependent:178 - -Dio.netty.maxDirectMemory: -1 bytes
2022-07-18 21:15:53 DEBUG PlatformDependent:185 - -Dio.netty.uninitializedArrayAllocationThreshold: -1
2022-07-18 21:15:53 DEBUG CleanerJava9:71 - java.nio.ByteBuffer.cleaner(): available
2022-07-18 21:15:53 DEBUG PlatformDependent:205 - -Dio.netty.noPreferDirect: false
2022-07-18 21:15:53 DEBUG PlatformDependent:967 - org.jctools-core.MpscChunkedArrayQueue: available
2022-07-18 21:15:53 DEBUG InternalThreadLocalMap:86 - -Dio.netty.threadLocalMap.stringBuilder.initialSize: 1024
2022-07-18 21:15:53 DEBUG InternalThreadLocalMap:89 - -Dio.netty.threadLocalMap.stringBuilder.maxSize: 4096
2022-07-18 21:15:53 DEBUG JdkSslContext:97 - Default protocols (JDK): [TLSv1.3, TLSv1.2] 
2022-07-18 21:15:53 DEBUG JdkSslContext:98 - Default cipher suites (JDK): [TLS_ECDHE_ECDSA_WITH_AES_256_GCM_SHA384, TLS_ECDHE_ECDSA_WITH_AES_128_GCM_SHA256, TLS_ECDHE_RSA_WITH_AES_128_GCM_SHA256, TLS_ECDHE_RSA_WITH_AES_256_GCM_SHA384, TLS_ECDHE_RSA_WITH_AES_128_CBC_SHA, TLS_ECDHE_RSA_WITH_AES_256_CBC_SHA, TLS_RSA_WITH_AES_128_GCM_SHA256, TLS_RSA_WITH_AES_128_CBC_SHA, TLS_RSA_WITH_AES_256_CBC_SHA, TLS_AES_128_GCM_SHA256, TLS_AES_256_GCM_SHA384]
2022-07-18 21:15:53 DEBUG MultithreadEventLoopGroup:44 - -Dio.netty.eventLoopThreads: 16
2022-07-18 21:15:53 DEBUG NioEventLoop:109 - -Dio.netty.noKeySetOptimization: false
2022-07-18 21:15:53 DEBUG NioEventLoop:110 - -Dio.netty.selectorAutoRebuildThreshold: 512
2022-07-18 21:15:53 DEBUG PooledByteBufAllocator:155 - -Dio.netty.allocator.numHeapArenas: 16
2022-07-18 21:15:53 DEBUG PooledByteBufAllocator:156 - -Dio.netty.allocator.numDirectArenas: 16
2022-07-18 21:15:53 DEBUG PooledByteBufAllocator:158 - -Dio.netty.allocator.pageSize: 8192
2022-07-18 21:15:53 DEBUG PooledByteBufAllocator:163 - -Dio.netty.allocator.maxOrder: 11
2022-07-18 21:15:53 DEBUG PooledByteBufAllocator:167 - -Dio.netty.allocator.chunkSize: 16777216
2022-07-18 21:15:53 DEBUG PooledByteBufAllocator:168 - -Dio.netty.allocator.smallCacheSize: 256
2022-07-18 21:15:53 DEBUG PooledByteBufAllocator:169 - -Dio.netty.allocator.normalCacheSize: 64
2022-07-18 21:15:53 DEBUG PooledByteBufAllocator:170 - -Dio.netty.allocator.maxCachedBufferCapacity: 32768
2022-07-18 21:15:53 DEBUG PooledByteBufAllocator:171 - -Dio.netty.allocator.cacheTrimInterval: 8192
2022-07-18 21:15:53 DEBUG PooledByteBufAllocator:172 - -Dio.netty.allocator.cacheTrimIntervalMillis: 0
2022-07-18 21:15:53 DEBUG PooledByteBufAllocator:173 - -Dio.netty.allocator.useCacheForAllThreads: true
2022-07-18 21:15:53 DEBUG PooledByteBufAllocator:174 - -Dio.netty.allocator.maxCachedByteBuffersPerChunk: 1023
2022-07-18 21:15:53 DEBUG ByteBufUtil:87 - -Dio.netty.allocator.type: pooled
2022-07-18 21:15:53 DEBUG ByteBufUtil:96 - -Dio.netty.threadLocalDirectBufferSize: 0
2022-07-18 21:15:53 DEBUG ByteBufUtil:99 - -Dio.netty.maxThreadLocalCharBufferSize: 16384
2022-07-18 21:15:54 DEBUG DefaultChannelId:79 - -Dio.netty.processId: 1828 (auto-detected)
2022-07-18 21:15:54 DEBUG NetUtil:135 - -Djava.net.preferIPv4Stack: false
2022-07-18 21:15:54 DEBUG NetUtil:136 - -Djava.net.preferIPv6Addresses: false
2022-07-18 21:15:54 DEBUG NetUtilInitializations:129 - Loopback interface: lo (Software Loopback Interface 1, 127.0.0.1)
2022-07-18 21:15:54 DEBUG NetUtil:187 - Failed to get SOMAXCONN from sysctl and file \proc\sys\net\core\somaxconn. Default: 200
2022-07-18 21:15:54 DEBUG DefaultChannelId:101 - -Dio.netty.machineId: 80:91:33:ff:fe:67:4a:81 (auto-detected)
2022-07-18 21:15:55 DEBUG AbstractByteBuf:63 - -Dio.netty.buffer.checkAccessible: true
2022-07-18 21:15:55 DEBUG AbstractByteBuf:64 - -Dio.netty.buffer.checkBounds: true
2022-07-18 21:15:55 DEBUG ResourceLeakDetectorFactory:196 - Loaded default ResourceLeakDetector: io.netty.util.ResourceLeakDetector@26917e46
2022-07-18 21:15:55 DEBUG Recycler:85 - -Dio.netty.recycler.maxCapacityPerThread: 4096
2022-07-18 21:15:55 DEBUG Recycler:86 - -Dio.netty.recycler.ratio: 8
2022-07-18 21:15:55 DEBUG Recycler:87 - -Dio.netty.recycler.chunkSize: 32
2022-07-18 21:15:55 DEBUG Recycler:88 - -Dio.netty.recycler.blocking: false
2022-07-18 21:15:55 DEBUG Brotli:38 - brotli4j not in the classpath; Brotli support will be unavailable.
2022-07-18 21:15:55 DEBUG ThreadLocalRandom:214 - -Dio.netty.initialSeedUniquifier: 0x3dbdadb94c73ebd2
2022-07-18 21:15:59 INFO  Log:11 - =====================================Login To Payroll TEST START=========================================
2022-07-18 21:15:59 INFO  Log:22 - Going to enter username and password
2022-07-18 21:15:59 INFO  Log:15 - =====================================Login and assertion completed TEST END=========================================
2022-07-18 21:15:59 DEBUG cache:45 - Couldn't find template in cache for "v3html/v3-html-index.ftl"("en", UTF-8, parsed); will try to load it.
2022-07-18 21:15:59 DEBUG cache:45 - TemplateLoader.findTemplateSource("v3html/v3-html-index_en.ftl"): Not found
2022-07-18 21:15:59 DEBUG cache:45 - TemplateLoader.findTemplateSource("v3html/v3-html-index.ftl"): Found
2022-07-18 21:15:59 DEBUG cache:45 - Loading template for "v3html/v3-html-index.ftl"("en", UTF-8, parsed) from "jar:file:/C:/Users/Nithin/.m2/repository/com/aventstack/extentreports/4.0.9/extentreports-4.0.9.jar!/com/aventstack/extentreports/view/v3html/v3-html-index.ftl"
2022-07-18 21:16:00 DEBUG cache:45 - Couldn't find template in cache for "v3html/v3-html-head.ftl"("en", UTF-8, parsed); will try to load it.
2022-07-18 21:16:00 DEBUG cache:45 - TemplateLoader.findTemplateSource("v3html/v3-html-head_en.ftl"): Not found
2022-07-18 21:16:00 DEBUG cache:45 - TemplateLoader.findTemplateSource("v3html/v3-html-head.ftl"): Found
2022-07-18 21:16:00 DEBUG cache:45 - Loading template for "v3html/v3-html-head.ftl"("en", UTF-8, parsed) from "jar:file:/C:/Users/Nithin/.m2/repository/com/aventstack/extentreports/4.0.9/extentreports-4.0.9.jar!/com/aventstack/extentreports/view/v3html/v3-html-head.ftl"
2022-07-18 21:16:00 DEBUG cache:45 - Couldn't find template in cache for "v3html/v3-html-nav.ftl"("en", UTF-8, parsed); will try to load it.
2022-07-18 21:16:00 DEBUG cache:45 - TemplateLoader.findTemplateSource("v3html/v3-html-nav_en.ftl"): Not found
2022-07-18 21:16:00 DEBUG cache:45 - TemplateLoader.findTemplateSource("v3html/v3-html-nav.ftl"): Found
2022-07-18 21:16:00 DEBUG cache:45 - Loading template for "v3html/v3-html-nav.ftl"("en", UTF-8, parsed) from "jar:file:/C:/Users/Nithin/.m2/repository/com/aventstack/extentreports/4.0.9/extentreports-4.0.9.jar!/com/aventstack/extentreports/view/v3html/v3-html-nav.ftl"
2022-07-18 21:16:00 DEBUG cache:45 - Couldn't find template in cache for "v3html/test-view/v3-html-test-view.ftl"("en", UTF-8, parsed); will try to load it.
2022-07-18 21:16:00 DEBUG cache:45 - TemplateLoader.findTemplateSource("v3html/test-view/v3-html-test-view_en.ftl"): Not found
2022-07-18 21:16:00 DEBUG cache:45 - TemplateLoader.findTemplateSource("v3html/test-view/v3-html-test-view.ftl"): Found
2022-07-18 21:16:00 DEBUG cache:45 - Loading template for "v3html/test-view/v3-html-test-view.ftl"("en", UTF-8, parsed) from "jar:file:/C:/Users/Nithin/.m2/repository/com/aventstack/extentreports/4.0.9/extentreports-4.0.9.jar!/com/aventstack/extentreports/view/v3html/test-view/v3-html-test-view.ftl"
2022-07-18 21:16:00 DEBUG cache:45 - Couldn't find template in cache for "v3html/test-view/v3-html-test-view-charts.ftl"("en", UTF-8, parsed); will try to load it.
2022-07-18 21:16:00 DEBUG cache:45 - TemplateLoader.findTemplateSource("v3html/test-view/v3-html-test-view-charts_en.ftl"): Not found
2022-07-18 21:16:00 DEBUG cache:45 - TemplateLoader.findTemplateSource("v3html/test-view/v3-html-test-view-charts.ftl"): Found
2022-07-18 21:16:00 DEBUG cache:45 - Loading template for "v3html/test-view/v3-html-test-view-charts.ftl"("en", UTF-8, parsed) from "jar:file:/C:/Users/Nithin/.m2/repository/com/aventstack/extentreports/4.0.9/extentreports-4.0.9.jar!/com/aventstack/extentreports/view/v3html/test-view/v3-html-test-view-charts.ftl"
2022-07-18 21:16:00 DEBUG cache:45 - Couldn't find template in cache for "v3html/test-view/v3-html-standard.ftl"("en", UTF-8, parsed); will try to load it.
2022-07-18 21:16:00 DEBUG cache:45 - TemplateLoader.findTemplateSource("v3html/test-view/v3-html-standard_en.ftl"): Not found
2022-07-18 21:16:00 DEBUG cache:45 - TemplateLoader.findTemplateSource("v3html/test-view/v3-html-standard.ftl"): Found
2022-07-18 21:16:00 DEBUG cache:45 - Loading template for "v3html/test-view/v3-html-standard.ftl"("en", UTF-8, parsed) from "jar:file:/C:/Users/Nithin/.m2/repository/com/aventstack/extentreports/4.0.9/extentreports-4.0.9.jar!/com/aventstack/extentreports/view/v3html/test-view/v3-html-standard.ftl"
2022-07-18 21:16:00 DEBUG cache:45 - Couldn't find template in cache for "v3html/category-view/v3-html-category-view.ftl"("en", UTF-8, parsed); will try to load it.
2022-07-18 21:16:00 DEBUG cache:45 - TemplateLoader.findTemplateSource("v3html/category-view/v3-html-category-view_en.ftl"): Not found
2022-07-18 21:16:00 DEBUG cache:45 - TemplateLoader.findTemplateSource("v3html/category-view/v3-html-category-view.ftl"): Found
2022-07-18 21:16:00 DEBUG cache:45 - Loading template for "v3html/category-view/v3-html-category-view.ftl"("en", UTF-8, parsed) from "jar:file:/C:/Users/Nithin/.m2/repository/com/aventstack/extentreports/4.0.9/extentreports-4.0.9.jar!/com/aventstack/extentreports/view/v3html/category-view/v3-html-category-view.ftl"
2022-07-18 21:16:00 DEBUG cache:45 - Couldn't find template in cache for "v3html/exception-view/v3-html-exception-view.ftl"("en", UTF-8, parsed); will try to load it.
2022-07-18 21:16:00 DEBUG cache:45 - TemplateLoader.findTemplateSource("v3html/exception-view/v3-html-exception-view_en.ftl"): Not found
2022-07-18 21:16:00 DEBUG cache:45 - TemplateLoader.findTemplateSource("v3html/exception-view/v3-html-exception-view.ftl"): Found
2022-07-18 21:16:00 DEBUG cache:45 - Loading template for "v3html/exception-view/v3-html-exception-view.ftl"("en", UTF-8, parsed) from "jar:file:/C:/Users/Nithin/.m2/repository/com/aventstack/extentreports/4.0.9/extentreports-4.0.9.jar!/com/aventstack/extentreports/view/v3html/exception-view/v3-html-exception-view.ftl"
2022-07-18 21:16:00 DEBUG cache:45 - Couldn't find template in cache for "v3html/author-view/v3-html-author-view.ftl"("en", UTF-8, parsed); will try to load it.
2022-07-18 21:16:00 DEBUG cache:45 - TemplateLoader.findTemplateSource("v3html/author-view/v3-html-author-view_en.ftl"): Not found
2022-07-18 21:16:00 DEBUG cache:45 - TemplateLoader.findTemplateSource("v3html/author-view/v3-html-author-view.ftl"): Found
2022-07-18 21:16:00 DEBUG cache:45 - Loading template for "v3html/author-view/v3-html-author-view.ftl"("en", UTF-8, parsed) from "jar:file:/C:/Users/Nithin/.m2/repository/com/aventstack/extentreports/4.0.9/extentreports-4.0.9.jar!/com/aventstack/extentreports/view/v3html/author-view/v3-html-author-view.ftl"
2022-07-18 21:16:00 DEBUG cache:45 - Couldn't find template in cache for "v3html/dashboard-view/v3-html-dashboard-view.ftl"("en", UTF-8, parsed); will try to load it.
2022-07-18 21:16:00 DEBUG cache:45 - TemplateLoader.findTemplateSource("v3html/dashboard-view/v3-html-dashboard-view_en.ftl"): Not found
2022-07-18 21:16:00 DEBUG cache:45 - TemplateLoader.findTemplateSource("v3html/dashboard-view/v3-html-dashboard-view.ftl"): Found
2022-07-18 21:16:00 DEBUG cache:45 - Loading template for "v3html/dashboard-view/v3-html-dashboard-view.ftl"("en", UTF-8, parsed) from "jar:file:/C:/Users/Nithin/.m2/repository/com/aventstack/extentreports/4.0.9/extentreports-4.0.9.jar!/com/aventstack/extentreports/view/v3html/dashboard-view/v3-html-dashboard-view.ftl"
2022-07-18 21:16:00 DEBUG cache:45 - Couldn't find template in cache for "v3html/logs-view/v3-html-testrunner-logs-view.ftl"("en", UTF-8, parsed); will try to load it.
2022-07-18 21:16:00 DEBUG cache:45 - TemplateLoader.findTemplateSource("v3html/logs-view/v3-html-testrunner-logs-view_en.ftl"): Not found
2022-07-18 21:16:00 DEBUG cache:45 - TemplateLoader.findTemplateSource("v3html/logs-view/v3-html-testrunner-logs-view.ftl"): Found
2022-07-18 21:16:00 DEBUG cache:45 - Loading template for "v3html/logs-view/v3-html-testrunner-logs-view.ftl"("en", UTF-8, parsed) from "jar:file:/C:/Users/Nithin/.m2/repository/com/aventstack/extentreports/4.0.9/extentreports-4.0.9.jar!/com/aventstack/extentreports/view/v3html/logs-view/v3-html-testrunner-logs-view.ftl"
